2023-01-08 22:13:32,070 INFO o.s.b.StartupInfoLogger [main] Starting PokeapicosoapApplication v0.0.1-SNAPSHOT using Java 17.0.5 on Jose_DH20 with PID 6084 (C:\Users\Jose_\eclipse-workspace\pokeapicosoap\target\pokeapicosoap-0.0.1-SNAPSHOT.jar started by Jose_ in C:\Users\Jose_\eclipse-workspace\pokeapicosoap)
2023-01-08 22:13:32,095 DEBUG o.s.b.StartupInfoLogger [main] Running with Spring Boot v2.5.2, Spring v5.3.8
2023-01-08 22:13:32,098 INFO o.s.b.SpringApplication [main] No active profile set, falling back to default profiles: default
2023-01-08 22:13:35,838 INFO o.s.d.r.c.RepositoryConfigurationDelegate [main] Bootstrapping Spring Data JPA repositories in DEFAULT mode.
2023-01-08 22:13:36,135 INFO o.s.d.r.c.RepositoryConfigurationDelegate [main] Finished Spring Data repository scanning in 245 ms. Found 1 JPA repository interfaces.
2023-01-08 22:13:37,089 INFO o.s.c.s.PostProcessorRegistrationDelegate$BeanPostProcessorChecker [main] Bean '(inner bean)#18025ced' of type [org.springframework.beans.factory.config.PropertiesFactoryBean] is not eligible for getting processed by all BeanPostProcessors (for example: not eligible for auto-proxying)
2023-01-08 22:13:37,090 INFO o.s.c.s.PostProcessorRegistrationDelegate$BeanPostProcessorChecker [main] Bean '(inner bean)#18025ced' of type [java.util.Properties] is not eligible for getting processed by all BeanPostProcessors (for example: not eligible for auto-proxying)
2023-01-08 22:13:37,099 INFO o.s.c.s.PostProcessorRegistrationDelegate$BeanPostProcessorChecker [main] Bean '(inner bean)#39ad977d' of type [org.springframework.data.repository.core.support.PropertiesBasedNamedQueries] is not eligible for getting processed by all BeanPostProcessors (for example: not eligible for auto-proxying)
2023-01-08 22:13:37,113 INFO o.s.c.s.PostProcessorRegistrationDelegate$BeanPostProcessorChecker [main] Bean '(inner bean)#3fa2213' of type [org.springframework.data.repository.core.support.RepositoryFragmentsFactoryBean] is not eligible for getting processed by all BeanPostProcessors (for example: not eligible for auto-proxying)
2023-01-08 22:13:37,114 INFO o.s.c.s.PostProcessorRegistrationDelegate$BeanPostProcessorChecker [main] Bean '(inner bean)#3fa2213' of type [org.springframework.data.repository.core.support.RepositoryComposition$RepositoryFragments] is not eligible for getting processed by all BeanPostProcessors (for example: not eligible for auto-proxying)
2023-01-08 22:13:37,118 INFO o.s.c.s.PostProcessorRegistrationDelegate$BeanPostProcessorChecker [main] Bean 'org.springframework.boot.autoconfigure.sql.init.DataSourceInitializationConfiguration' of type [org.springframework.boot.autoconfigure.sql.init.DataSourceInitializationConfiguration] is not eligible for getting processed by all BeanPostProcessors (for example: not eligible for auto-proxying)
2023-01-08 22:13:37,120 INFO o.s.c.s.PostProcessorRegistrationDelegate$BeanPostProcessorChecker [main] Bean 'org.springframework.boot.autoconfigure.jdbc.DataSourceConfiguration$Hikari' of type [org.springframework.boot.autoconfigure.jdbc.DataSourceConfiguration$Hikari] is not eligible for getting processed by all BeanPostProcessors (for example: not eligible for auto-proxying)
2023-01-08 22:13:37,205 INFO o.s.c.s.PostProcessorRegistrationDelegate$BeanPostProcessorChecker [main] Bean 'spring.datasource-org.springframework.boot.autoconfigure.jdbc.DataSourceProperties' of type [org.springframework.boot.autoconfigure.jdbc.DataSourceProperties] is not eligible for getting processed by all BeanPostProcessors (for example: not eligible for auto-proxying)
2023-01-08 22:13:37,338 INFO o.s.c.s.PostProcessorRegistrationDelegate$BeanPostProcessorChecker [main] Bean 'dataSource' of type [com.zaxxer.hikari.HikariDataSource] is not eligible for getting processed by all BeanPostProcessors (for example: not eligible for auto-proxying)
2023-01-08 22:13:37,347 INFO o.s.c.s.PostProcessorRegistrationDelegate$BeanPostProcessorChecker [main] Bean 'spring.sql.init-org.springframework.boot.autoconfigure.sql.init.SqlInitializationProperties' of type [org.springframework.boot.autoconfigure.sql.init.SqlInitializationProperties] is not eligible for getting processed by all BeanPostProcessors (for example: not eligible for auto-proxying)
2023-01-08 22:13:37,410 INFO c.z.h.HikariDataSource [main] HikariPool-1 - Starting...
2023-01-08 22:13:37,425 WARN c.z.h.u.DriverDataSource [main] Registered driver with driverClassName=com.mysql.jdbc.Driver was not found, trying direct instantiation.
2023-01-08 22:13:38,474 INFO c.z.h.HikariDataSource [main] HikariPool-1 - Start completed.
2023-01-08 22:13:38,517 INFO o.s.c.s.PostProcessorRegistrationDelegate$BeanPostProcessorChecker [main] Bean 'dataSourceScriptDatabaseInitializer' of type [org.springframework.boot.jdbc.init.DataSourceScriptDatabaseInitializer] is not eligible for getting processed by all BeanPostProcessors (for example: not eligible for auto-proxying)
2023-01-08 22:13:38,547 INFO o.s.c.s.PostProcessorRegistrationDelegate$BeanPostProcessorChecker [main] Bean 'spring.jpa-org.springframework.boot.autoconfigure.orm.jpa.JpaProperties' of type [org.springframework.boot.autoconfigure.orm.jpa.JpaProperties] is not eligible for getting processed by all BeanPostProcessors (for example: not eligible for auto-proxying)
2023-01-08 22:13:38,558 INFO o.s.c.s.PostProcessorRegistrationDelegate$BeanPostProcessorChecker [main] Bean 'spring.jpa.hibernate-org.springframework.boot.autoconfigure.orm.jpa.HibernateProperties' of type [org.springframework.boot.autoconfigure.orm.jpa.HibernateProperties] is not eligible for getting processed by all BeanPostProcessors (for example: not eligible for auto-proxying)
2023-01-08 22:13:38,573 INFO o.s.c.s.PostProcessorRegistrationDelegate$BeanPostProcessorChecker [main] Bean 'org.springframework.boot.autoconfigure.jdbc.metadata.DataSourcePoolMetadataProvidersConfiguration$HikariPoolDataSourceMetadataProviderConfiguration' of type [org.springframework.boot.autoconfigure.jdbc.metadata.DataSourcePoolMetadataProvidersConfiguration$HikariPoolDataSourceMetadataProviderConfiguration] is not eligible for getting processed by all BeanPostProcessors (for example: not eligible for auto-proxying)
2023-01-08 22:13:38,580 INFO o.s.c.s.PostProcessorRegistrationDelegate$BeanPostProcessorChecker [main] Bean 'hikariPoolDataSourceMetadataProvider' of type [org.springframework.boot.autoconfigure.jdbc.metadata.DataSourcePoolMetadataProvidersConfiguration$HikariPoolDataSourceMetadataProviderConfiguration$$Lambda$596/0x0000000801016000] is not eligible for getting processed by all BeanPostProcessors (for example: not eligible for auto-proxying)
2023-01-08 22:13:38,714 INFO o.s.c.s.PostProcessorRegistrationDelegate$BeanPostProcessorChecker [main] Bean 'org.springframework.boot.autoconfigure.orm.jpa.HibernateJpaConfiguration' of type [org.springframework.boot.autoconfigure.orm.jpa.HibernateJpaConfiguration] is not eligible for getting processed by all BeanPostProcessors (for example: not eligible for auto-proxying)
2023-01-08 22:13:39,031 INFO o.s.c.s.PostProcessorRegistrationDelegate$BeanPostProcessorChecker [main] Bean 'jpaVendorAdapter' of type [org.springframework.orm.jpa.vendor.HibernateJpaVendorAdapter] is not eligible for getting processed by all BeanPostProcessors (for example: not eligible for auto-proxying)
2023-01-08 22:13:39,037 INFO o.s.c.s.PostProcessorRegistrationDelegate$BeanPostProcessorChecker [main] Bean 'entityManagerFactoryBuilder' of type [org.springframework.boot.orm.jpa.EntityManagerFactoryBuilder] is not eligible for getting processed by all BeanPostProcessors (for example: not eligible for auto-proxying)
2023-01-08 22:13:39,229 INFO o.h.j.i.u.LogHelper [main] HHH000204: Processing PersistenceUnitInfo [name: default]
2023-01-08 22:13:39,641 INFO o.h.Version [main] HHH000412: Hibernate ORM core version 5.4.32.Final
2023-01-08 22:13:40,190 INFO o.h.a.c.r.j.JavaReflectionManager [main] HCANN000001: Hibernate Commons Annotations {5.1.2.Final}
2023-01-08 22:13:40,902 INFO o.h.d.Dialect [main] HHH000400: Using dialect: org.hibernate.dialect.MySQL5Dialect
2023-01-08 22:13:43,367 INFO o.h.e.t.j.p.i.JtaPlatformInitiator [main] HHH000490: Using JtaPlatform implementation: [org.hibernate.engine.transaction.jta.platform.internal.NoJtaPlatform]
2023-01-08 22:13:43,391 INFO o.s.o.j.AbstractEntityManagerFactoryBean [main] Initialized JPA EntityManagerFactory for persistence unit 'default'
2023-01-08 22:13:43,402 INFO o.s.c.s.PostProcessorRegistrationDelegate$BeanPostProcessorChecker [main] Bean 'entityManagerFactory' of type [org.springframework.orm.jpa.LocalContainerEntityManagerFactoryBean] is not eligible for getting processed by all BeanPostProcessors (for example: not eligible for auto-proxying)
2023-01-08 22:13:43,403 INFO o.s.c.s.PostProcessorRegistrationDelegate$BeanPostProcessorChecker [main] Bean 'entityManagerFactory' of type [jdk.proxy2.$Proxy88] is not eligible for getting processed by all BeanPostProcessors (for example: not eligible for auto-proxying)
2023-01-08 22:13:43,479 INFO o.s.c.s.PostProcessorRegistrationDelegate$BeanPostProcessorChecker [main] Bean '(inner bean)#58fe0499' of type [jdk.proxy2.$Proxy89] is not eligible for getting processed by all BeanPostProcessors (for example: not eligible for auto-proxying)
2023-01-08 22:13:43,555 INFO o.s.c.s.PostProcessorRegistrationDelegate$BeanPostProcessorChecker [main] Bean 'jpaMappingContext' of type [org.springframework.data.jpa.repository.config.JpaMetamodelMappingContextFactoryBean] is not eligible for getting processed by all BeanPostProcessors (for example: not eligible for auto-proxying)
2023-01-08 22:13:43,556 INFO o.s.c.s.PostProcessorRegistrationDelegate$BeanPostProcessorChecker [main] Bean 'jpaMappingContext' of type [org.springframework.data.jpa.mapping.JpaMetamodelMappingContext] is not eligible for getting processed by all BeanPostProcessors (for example: not eligible for auto-proxying)
2023-01-08 22:13:44,236 INFO o.s.c.s.PostProcessorRegistrationDelegate$BeanPostProcessorChecker [main] Bean 'requestRepository' of type [org.springframework.data.jpa.repository.support.JpaRepositoryFactoryBean] is not eligible for getting processed by all BeanPostProcessors (for example: not eligible for auto-proxying)
2023-01-08 22:13:44,240 INFO o.s.c.s.PostProcessorRegistrationDelegate$BeanPostProcessorChecker [main] Bean 'requestRepository' of type [jdk.proxy2.$Proxy92] is not eligible for getting processed by all BeanPostProcessors (for example: not eligible for auto-proxying)
2023-01-08 22:13:44,248 INFO o.s.c.s.PostProcessorRegistrationDelegate$BeanPostProcessorChecker [main] Bean 'requestService' of type [com.josedimash.pokeapicosoap.db.service.RequestService] is not eligible for getting processed by all BeanPostProcessors (for example: not eligible for auto-proxying)
2023-01-08 22:13:44,250 INFO o.s.c.s.PostProcessorRegistrationDelegate$BeanPostProcessorChecker [main] Bean 'webServiceInterceptor' of type [com.josedimash.pokeapicosoap.interceptor.WebServiceInterceptor] is not eligible for getting processed by all BeanPostProcessors (for example: not eligible for auto-proxying)
2023-01-08 22:13:44,252 INFO o.s.c.s.PostProcessorRegistrationDelegate$BeanPostProcessorChecker [main] Bean 'webServiceConfig' of type [com.josedimash.pokeapicosoap.ws.WebServiceConfig$$EnhancerBySpringCGLIB$$246dfdea] is not eligible for getting processed by all BeanPostProcessors (for example: not eligible for auto-proxying)
2023-01-08 22:13:44,254 INFO o.s.c.s.PostProcessorRegistrationDelegate$BeanPostProcessorChecker [main] Bean 'org.springframework.ws.config.annotation.DelegatingWsConfiguration' of type [org.springframework.ws.config.annotation.DelegatingWsConfiguration$$EnhancerBySpringCGLIB$$8da0a601] is not eligible for getting processed by all BeanPostProcessors (for example: not eligible for auto-proxying)
2023-01-08 22:13:44,392 INFO o.s.w.s.a.s.AbstractAddressingEndpointMapping [main] Supporting [WS-Addressing August 2004, WS-Addressing 1.0]
2023-01-08 22:13:45,371 INFO o.s.b.w.e.t.TomcatWebServer [main] Tomcat initialized with port(s): 8080 (http)
2023-01-08 22:13:45,438 INFO o.a.j.l.DirectJDKLog [main] Initializing ProtocolHandler ["http-nio-8080"]
2023-01-08 22:13:45,441 INFO o.a.j.l.DirectJDKLog [main] Starting service [Tomcat]
2023-01-08 22:13:45,447 INFO o.a.j.l.DirectJDKLog [main] Starting Servlet engine: [Apache Tomcat/9.0.48]
2023-01-08 22:13:45,699 INFO o.a.j.l.DirectJDKLog [main] Initializing Spring embedded WebApplicationContext
2023-01-08 22:13:45,700 INFO o.s.b.w.s.c.ServletWebServerApplicationContext [main] Root WebApplicationContext: initialization completed in 13325 ms
2023-01-08 22:13:45,739 INFO o.s.b.a.h.H2ConsoleAutoConfiguration [main] H2 console available at '/h2-console'. Database available at 'jdbc:mysql://localhost:3306/pokeapidb'
2023-01-08 22:13:46,502 WARN o.s.b.a.o.j.JpaBaseConfiguration$JpaWebConfiguration [main] spring.jpa.open-in-view is enabled by default. Therefore, database queries may be performed during view rendering. Explicitly configure spring.jpa.open-in-view to disable this warning
2023-01-08 22:13:47,723 INFO o.a.j.l.DirectJDKLog [main] Starting ProtocolHandler ["http-nio-8080"]
2023-01-08 22:13:47,790 INFO o.s.b.w.e.t.TomcatWebServer [main] Tomcat started on port(s): 8080 (http) with context path ''
2023-01-08 22:13:47,834 INFO o.s.b.StartupInfoLogger [main] Started PokeapicosoapApplication in 17.314 seconds (JVM running for 20.487)
2023-01-08 22:13:59,137 INFO o.a.j.l.DirectJDKLog [http-nio-8080-exec-1] Initializing Spring MessageDispatcherServlet 'messageDispatcherServlet'
2023-01-08 22:13:59,137 INFO o.s.w.s.FrameworkServlet [http-nio-8080-exec-1] Initializing Servlet 'messageDispatcherServlet'
2023-01-08 22:13:59,178 INFO o.s.w.s.s.SaajSoapMessageFactory [http-nio-8080-exec-1] Creating SAAJ 1.3 MessageFactory with SOAP 1.1 Protocol
2023-01-08 22:13:59,245 INFO o.s.w.s.FrameworkServlet [http-nio-8080-exec-1] Completed initialization in 106 ms
2023-01-08 22:13:59,757 INFO c.j.p.d.s.RequestService [http-nio-8080-exec-1] Save request: Request{id=1, ipOrigin='127.0.0.1', time=2023-01-08 22:13:59.539, method='GetPokemonRequest'}
2023-01-08 22:14:00,298 INFO c.j.p.w.PokeapiEndpoint [http-nio-8080-exec-1] REQUEST WS: GetPokemonRequest/pikachu
2023-01-08 22:14:01,287 INFO c.j.p.c.PokeAPIClient [http-nio-8080-exec-1] REQUEST: GET https://pokeapi.co/api/v2/pokemon/pikachu HTTP/1.1
2023-01-08 22:14:01,287 INFO c.j.p.c.PokeAPIClient [http-nio-8080-exec-1] RESPONSE: HttpResponseProxy{HTTP/1.1 200 OK [Date: Mon, 09 Jan 2023 04:14:01 GMT, Content-Type: application/json; charset=utf-8, Connection: keep-alive, alt-svc: h3=":443"; ma=86400, h3-29=":443"; ma=86400, access-control-allow-origin: *, Cache-Control: public, max-age=86400, s-maxage=86400, etag: W/"3517b-seG0DnqU3PUQf8ff25krR9mlz5c", function-execution-id: 6cpkh7sk4i44, strict-transport-security: max-age=31556926, x-cloud-trace-context: 8cf03146b00fe45bce6eeaefa76abf5b, x-country-code: US, x-orig-accept-language: en-US,en;q=0.9,ru;q=0.8,de;q=0.7, x-powered-by: Express, x-served-by: cache-dal2120101-DAL, x-cache: HIT, x-cache-hits: 1, x-timer: S1662566415.582222,VS0,VE1, vary: Accept-Encoding,cookie,need-authorization, x-fh-requested-host, accept-encoding, CF-Cache-Status: HIT, Age: 28408, Accept-Ranges: bytes, Server-Timing: cf-q-config;dur=7.0000096457079e-06, Report-To: {"endpoints":[{"url":"https:\/\/a.nel.cloudflare.com\/report\/v3?s=bTbl8pr0whWX%2B0mz02%2FDZvl%2BVFWhBfDFbmqqIqxf1oDSAPgFngfCVMss0V43EjddOXauLF3TUXxrZT5reWwdpd%2FWTMHk1fZwrUCE9fnny0eXpQ1QJX%2FHTxokqbKw"}],"group":"cf-nel","max_age":604800}, NEL: {"success_fraction":0,"report_to":"cf-nel","max_age":604800}, Server: cloudflare, CF-RAY: 786a57f84da4e976-DFW] org.apache.http.client.entity.DecompressingEntity@77ad7f9}
2023-01-08 22:14:01,323 INFO c.j.p.w.PokeapiEndpoint [http-nio-8080-exec-1] RESPONSE WS: PokemonResponse{abilities=[Ability{ability=AbilityObject{name='static', url='https://pokeapi.co/api/v2/ability/9/'}, isHidden=false, slot=1}, Ability{ability=AbilityObject{name='lightning-rod', url='https://pokeapi.co/api/v2/ability/31/'}, isHidden=true, slot=3}], base_experience=112, held_items=[Held{item=HeldItem{name='oran-berry', url='https://pokeapi.co/api/v2/item/132/'}, version_details=[VersionDetail{rarity=50, version=Version{name='ruby', url='https://pokeapi.co/api/v2/version/7/'}}, VersionDetail{rarity=50, version=Version{name='sapphire', url='https://pokeapi.co/api/v2/version/8/'}}, VersionDetail{rarity=50, version=Version{name='emerald', url='https://pokeapi.co/api/v2/version/9/'}}, VersionDetail{rarity=50, version=Version{name='diamond', url='https://pokeapi.co/api/v2/version/12/'}}, VersionDetail{rarity=50, version=Version{name='pearl', url='https://pokeapi.co/api/v2/version/13/'}}, VersionDetail{rarity=50, version=Version{name='platinum', url='https://pokeapi.co/api/v2/version/14/'}}, VersionDetail{rarity=50, version=Version{name='heartgold', url='https://pokeapi.co/api/v2/version/15/'}}, VersionDetail{rarity=50, version=Version{name='soulsilver', url='https://pokeapi.co/api/v2/version/16/'}}, VersionDetail{rarity=50, version=Version{name='black', url='https://pokeapi.co/api/v2/version/17/'}}, VersionDetail{rarity=50, version=Version{name='white', url='https://pokeapi.co/api/v2/version/18/'}}]}, Held{item=HeldItem{name='light-ball', url='https://pokeapi.co/api/v2/item/213/'}, version_details=[VersionDetail{rarity=5, version=Version{name='ruby', url='https://pokeapi.co/api/v2/version/7/'}}, VersionDetail{rarity=5, version=Version{name='sapphire', url='https://pokeapi.co/api/v2/version/8/'}}, VersionDetail{rarity=5, version=Version{name='emerald', url='https://pokeapi.co/api/v2/version/9/'}}, VersionDetail{rarity=5, version=Version{name='diamond', url='https://pokeapi.co/api/v2/version/12/'}}, VersionDetail{rarity=5, version=Version{name='pearl', url='https://pokeapi.co/api/v2/version/13/'}}, VersionDetail{rarity=5, version=Version{name='platinum', url='https://pokeapi.co/api/v2/version/14/'}}, VersionDetail{rarity=5, version=Version{name='heartgold', url='https://pokeapi.co/api/v2/version/15/'}}, VersionDetail{rarity=5, version=Version{name='soulsilver', url='https://pokeapi.co/api/v2/version/16/'}}, VersionDetail{rarity=1, version=Version{name='black', url='https://pokeapi.co/api/v2/version/17/'}}, VersionDetail{rarity=1, version=Version{name='white', url='https://pokeapi.co/api/v2/version/18/'}}, VersionDetail{rarity=5, version=Version{name='black-2', url='https://pokeapi.co/api/v2/version/21/'}}, VersionDetail{rarity=5, version=Version{name='white-2', url='https://pokeapi.co/api/v2/version/22/'}}, VersionDetail{rarity=5, version=Version{name='x', url='https://pokeapi.co/api/v2/version/23/'}}, VersionDetail{rarity=5, version=Version{name='y', url='https://pokeapi.co/api/v2/version/24/'}}, VersionDetail{rarity=5, version=Version{name='omega-ruby', url='https://pokeapi.co/api/v2/version/25/'}}, VersionDetail{rarity=5, version=Version{name='alpha-sapphire', url='https://pokeapi.co/api/v2/version/26/'}}, VersionDetail{rarity=5, version=Version{name='sun', url='https://pokeapi.co/api/v2/version/27/'}}, VersionDetail{rarity=5, version=Version{name='moon', url='https://pokeapi.co/api/v2/version/28/'}}, VersionDetail{rarity=5, version=Version{name='ultra-sun', url='https://pokeapi.co/api/v2/version/29/'}}, VersionDetail{rarity=5, version=Version{name='ultra-moon', url='https://pokeapi.co/api/v2/version/30/'}}]}], id=25, name='pikachu', location_area_encounters='https://pokeapi.co/api/v2/pokemon/25/encounters'}
2023-01-08 22:15:31,966 INFO o.s.o.j.AbstractEntityManagerFactoryBean [SpringApplicationShutdownHook] Closing JPA EntityManagerFactory for persistence unit 'default'
2023-01-08 22:15:31,967 INFO o.h.t.s.i.SchemaDropperImpl$DelayedDropActionImpl [SpringApplicationShutdownHook] HHH000477: Starting delayed evictData of schema as part of SessionFactory shut-down'
2023-01-08 22:15:31,991 INFO c.z.h.HikariDataSource [SpringApplicationShutdownHook] HikariPool-1 - Shutdown initiated...
2023-01-08 22:15:32,016 INFO c.z.h.HikariDataSource [SpringApplicationShutdownHook] HikariPool-1 - Shutdown completed.
